<?xml version="1.0" encoding="UTF-8"?>
<!-- Generated by org.testng.reporters.JUnitReportReporter -->
<testsuite hostname="LTIN217153" failures="0" tests="9" name="TestCases.TC003_UpcomingBikePage" time="178.318" errors="0" timestamp="2024-02-19T21:49:52 IST" skipped="0">
  <testcase classname="TestCases.TC003_UpcomingBikePage" name="test1" time="1.296"/>
  <testcase classname="TestCases.TC003_UpcomingBikePage" name="test2" time="17.943"/>
  <testcase classname="TestCases.TC003_UpcomingBikePage" name="test3" time="29.617"/>
  <testcase classname="TestCases.TC003_UpcomingBikePage" name="test4" time="23.456"/>
  <testcase classname="TestCases.TC003_UpcomingBikePage" name="Test5" time="20.853"/>
  <testcase classname="TestCases.TC003_UpcomingBikePage" name="test6" time="43.011"/>
  <testcase classname="TestCases.TC003_UpcomingBikePage" name="test7" time="17.591"/>
  <testcase classname="TestCases.TC003_UpcomingBikePage" name="test8" time="4.782"/>
  <testcase classname="TestCases.TC003_UpcomingBikePage" name="Test9" time="19.769"/>
</testsuite> <!-- TestCases.TC003_UpcomingBikePage -->
